This is pdfTeX, Version 3.141592653-2.6-1.40.22 (TeX Live 2022/dev/Debian) (preloaded format=pdflatex 2024.4.26)  9 JUL 2025 18:07
entering extended mode
 restricted \write18 enabled.
 %&-line parsing enabled.
**main.tex
(./main.tex
LaTeX2e <2021-11-15> patch level 1
L3 programming layer <2022-01-21>
(/usr/share/texlive/texmf-dist/tex/latex/base/book.cls
Document Class: book 2021/10/04 v1.4n Standard LaTeX document class
(/usr/share/texlive/texmf-dist/tex/latex/base/bk12.clo
File: bk12.clo 2021/10/04 v1.4n Standard LaTeX file (size option)
)
\c@part=\count185
\c@chapter=\count186
\c@section=\count187
\c@subsection=\count188
\c@subsubsection=\count189
\c@paragraph=\count190
\c@subparagraph=\count191
\c@figure=\count192
\c@table=\count193
\abovecaptionskip=\skip47
\belowcaptionskip=\skip48
\bibindent=\dimen138
)
(/usr/share/texlive/texmf-dist/tex/latex/base/fontenc.sty
Package: fontenc 2021/04/29 v2.0v Standard LaTeX package
)
(/usr/share/texlive/texmf-dist/tex/latex/base/inputenc.sty
Package: inputenc 2021/02/14 v1.3d Input encoding file
\inpenc@prehook=\toks16
\inpenc@posthook=\toks17
)
(/usr/share/texlive/texmf-dist/tex/generic/babel/babel.sty
Package: babel 2022/01/26 3.70 The Babel package
\babel@savecnt=\count194
\U@D=\dimen139
\l@unhyphenated=\language3

(/usr/share/texlive/texmf-dist/tex/generic/babel/txtbabel.def)
\bbl@readstream=\read2
\bbl@dirlevel=\count195

(/usr/share/texlive/texmf-dist/tex/generic/babel-spanish/spanish.ldf
Language: spanish.ldf 2021/05/27 v5.0q Spanish support from the babel system


Package babel Warning: No hyphenation patterns were preloaded for
(babel)                the language 'Spanish' into the format.
(babel)                Please, configure your TeX system to add them and
(babel)                rebuild the format. Now I will use the patterns
(babel)                preloaded for \language=0 instead on input line 51.

Package babel Info: Hyphen rules for 'spanish' set to \l@english
(babel)             (\language0). Reported on input line 52.
\es@quottoks=\toks18
\es@quotdepth=\count196
Package babel Info: Making " an active character on input line 570.
Package babel Info: Making . an active character on input line 675.
Package babel Info: Making < an active character on input line 722.
Package babel Info: Making > an active character on input line 722.
)) (/usr/share/texlive/texmf-dist/tex/latex/graphics/graphicx.sty
Package: graphicx 2021/09/16 v1.2d Enhanced LaTeX Graphics (DPC,SPQR)

(/usr/share/texlive/texmf-dist/tex/latex/graphics/keyval.sty
Package: keyval 2014/10/28 v1.15 key=value parser (DPC)
\KV@toks@=\toks19
)
(/usr/share/texlive/texmf-dist/tex/latex/graphics/graphics.sty
Package: graphics 2021/03/04 v1.4d Standard LaTeX Graphics (DPC,SPQR)

(/usr/share/texlive/texmf-dist/tex/latex/graphics/trig.sty
Package: trig 2021/08/11 v1.11 sin cos tan (DPC)
)
(/usr/share/texlive/texmf-dist/tex/latex/graphics-cfg/graphics.cfg
File: graphics.cfg 2016/06/04 v1.11 sample graphics configuration
)
Package graphics Info: Driver file: pdftex.def on input line 107.

(/usr/share/texlive/texmf-dist/tex/latex/graphics-def/pdftex.def
File: pdftex.def 2020/10/05 v1.2a Graphics/color driver for pdftex
))
\Gin@req@height=\dimen140
\Gin@req@width=\dimen141
)
(/usr/share/texlive/texmf-dist/tex/latex/float/float.sty
Package: float 2001/11/08 v1.3d Float enhancements (AL)
\c@float@type=\count197
\float@exts=\toks20
\float@box=\box50
\@float@everytoks=\toks21
\@floatcapt=\box51
)
(/usr/share/texlive/texmf-dist/tex/latex/enumitem/enumitem.sty
Package: enumitem 2019/06/20 v3.9 Customized lists
\labelindent=\skip49
\enit@outerparindent=\dimen142
\enit@toks=\toks22
\enit@inbox=\box52
\enit@count@id=\count198
\enitdp@description=\count199
)
(/usr/share/texlive/texmf-dist/tex/latex/romannum/romannum.sty
Package: romannum 2009/09/03 v1.0b roman numerals

(/usr/share/texlive/texmf-dist/tex/latex/stdclsdv/stdclsdv.sty
Package: stdclsdv 2009/09/04 v1.1a Sectional divisions
))
(/usr/share/texlive/texmf-dist/tex/latex/amsmath/amsmath.sty
Package: amsmath 2021/10/15 v2.17l AMS math features
\@mathmargin=\skip50

For additional information on amsmath, use the `?' option.
(/usr/share/texlive/texmf-dist/tex/latex/amsmath/amstext.sty
Package: amstext 2021/08/26 v2.01 AMS text

(/usr/share/texlive/texmf-dist/tex/latex/amsmath/amsgen.sty
File: amsgen.sty 1999/11/30 v2.0 generic functions
\@emptytoks=\toks23
\ex@=\dimen143
))
(/usr/share/texlive/texmf-dist/tex/latex/amsmath/amsbsy.sty
Package: amsbsy 1999/11/29 v1.2d Bold Symbols
\pmbraise@=\dimen144
)
(/usr/share/texlive/texmf-dist/tex/latex/amsmath/amsopn.sty
Package: amsopn 2021/08/26 v2.02 operator names
)
\inf@bad=\count266
LaTeX Info: Redefining \frac on input line 234.
\uproot@=\count267
\leftroot@=\count268
LaTeX Info: Redefining \overline on input line 399.
\classnum@=\count269
\DOTSCASE@=\count270
LaTeX Info: Redefining \ldots on input line 496.
LaTeX Info: Redefining \dots on input line 499.
LaTeX Info: Redefining \cdots on input line 620.
\Mathstrutbox@=\box53
\strutbox@=\box54
\big@size=\dimen145
LaTeX Font Info:    Redeclaring font encoding OML on input line 743.
LaTeX Font Info:    Redeclaring font encoding OMS on input line 744.
\macc@depth=\count271
\c@MaxMatrixCols=\count272
\dotsspace@=\muskip16
\c@parentequation=\count273
\dspbrk@lvl=\count274
\tag@help=\toks24
\row@=\count275
\column@=\count276
\maxfields@=\count277
\andhelp@=\toks25
\eqnshift@=\dimen146
\alignsep@=\dimen147
\tagshift@=\dimen148
\tagwidth@=\dimen149
\totwidth@=\dimen150
\lineht@=\dimen151
\@envbody=\toks26
\multlinegap=\skip51
\multlinetaggap=\skip52
\mathdisplay@stack=\toks27
LaTeX Info: Redefining \[ on input line 2938.
LaTeX Info: Redefining \] on input line 2939.
)
(/usr/share/texlive/texmf-dist/tex/latex/amsfonts/amssymb.sty
Package: amssymb 2013/01/14 v3.01 AMS font symbols

(/usr/share/texlive/texmf-dist/tex/latex/amsfonts/amsfonts.sty
Package: amsfonts 2013/01/14 v3.01 Basic AMSFonts support
\symAMSa=\mathgroup4
\symAMSb=\mathgroup5
LaTeX Font Info:    Redeclaring math symbol \hbar on input line 98.
LaTeX Font Info:    Overwriting math alphabet `\mathfrak' in version `bold'
(Font)                  U/euf/m/n --> U/euf/b/n on input line 106.
))
(/usr/share/texlive/texmf-dist/tex/latex/algorithm2e/algorithm2e.sty
Package: algorithm2e 2017/07/18 v5.2 algorithms environments
\c@AlgoLine=\count278

(/usr/share/texlive/texmf-dist/tex/latex/base/ifthen.sty
Package: ifthen 2020/11/24 v1.1c Standard LaTeX ifthen package (DPC)
)
\algocf@hangindent=\skip53

(/usr/share/texlive/texmf-dist/tex/latex/ifoddpage/ifoddpage.sty
Package: ifoddpage 2016/04/23 v1.1 Conditionals for odd/even page detection
\c@checkoddpage=\count279
)
(/usr/share/texlive/texmf-dist/tex/latex/tools/xspace.sty
Package: xspace 2014/10/28 v1.13 Space after command names (DPC,MH)
)
(/usr/share/texlive/texmf-dist/tex/latex/relsize/relsize.sty
Package: relsize 2013/03/29 ver 4.1
)
\skiptotal=\skip54
\skiplinenumber=\skip55
\skiprule=\skip56
\skiphlne=\skip57
\skiptext=\skip58
\skiplength=\skip59
\algomargin=\skip60
\skipalgocfslide=\skip61
\algowidth=\dimen152
\inoutsize=\dimen153
\inoutindent=\dimen154
\interspacetitleruled=\dimen155
\interspacealgoruled=\dimen156
\interspacetitleboxruled=\dimen157
\algocf@ruledwidth=\skip62
\algocf@inoutbox=\box55
\algocf@inputbox=\box56
\AlCapSkip=\skip63
\AlCapHSkip=\skip64
\algoskipindent=\skip65
\algocf@nlbox=\box57
\algocf@hangingbox=\box58
\algocf@untilbox=\box59
\algocf@skipuntil=\skip66
\algocf@capbox=\box60
\algocf@lcaptionbox=\skip67
\algoheightruledefault=\skip68
\algoheightrule=\skip69
\algotitleheightruledefault=\skip70
\algotitleheightrule=\skip71
\c@algocfline=\count280
\c@algocfproc=\count281
\c@algocf=\count282
\algocf@algoframe=\box61
\algocf@algobox=\box62
)
(/usr/share/texlive/texmf-dist/tex/latex/fancyhdr/fancyhdr.sty
Package: fancyhdr 2021/01/28 v4.0.1 Extensive control of page headers and foote
rs
\f@nch@headwidth=\skip72
\f@nch@O@elh=\skip73
\f@nch@O@erh=\skip74
\f@nch@O@olh=\skip75
\f@nch@O@orh=\skip76
\f@nch@O@elf=\skip77
\f@nch@O@erf=\skip78
\f@nch@O@olf=\skip79
\f@nch@O@orf=\skip80
)
(/usr/share/texlive/texmf-dist/tex/latex/geometry/geometry.sty
Package: geometry 2020/01/02 v5.9 Page Geometry

(/usr/share/texlive/texmf-dist/tex/generic/iftex/ifvtex.sty
Package: ifvtex 2019/10/25 v1.7 ifvtex legacy package. Use iftex instead.

(/usr/share/texlive/texmf-dist/tex/generic/iftex/iftex.sty
Package: iftex 2020/03/06 v1.0d TeX engine tests
))
\Gm@cnth=\count283
\Gm@cntv=\count284
\c@Gm@tempcnt=\count285
\Gm@bindingoffset=\dimen158
\Gm@wd@mp=\dimen159
\Gm@odd@mp=\dimen160
\Gm@even@mp=\dimen161
\Gm@layoutwidth=\dimen162
\Gm@layoutheight=\dimen163
\Gm@layouthoffset=\dimen164
\Gm@layoutvoffset=\dimen165
\Gm@dimlist=\toks28
)
(/usr/share/texlive/texmf-dist/tex/latex/l3backend/l3backend-pdftex.def
File: l3backend-pdftex.def 2022-01-12 L3 backend support: PDF output (pdfTeX)
\l__color_backend_stack_int=\count286
\l__pdf_internal_box=\box63
)
(./main.aux
LaTeX Info: Redefining \. on input line 9.
LaTeX Info: Redefining \% on input line 9.
)
\openout1 = `main.aux'.

LaTeX Font Info:    Checking defaults for OML/cmm/m/it on input line 53.
LaTeX Font Info:    ... okay on input line 53.
LaTeX Font Info:    Checking defaults for OMS/cmsy/m/n on input line 53.
LaTeX Font Info:    ... okay on input line 53.
LaTeX Font Info:    Checking defaults for OT1/cmr/m/n on input line 53.
LaTeX Font Info:    ... okay on input line 53.
LaTeX Font Info:    Checking defaults for T1/cmr/m/n on input line 53.
LaTeX Font Info:    ... okay on input line 53.
LaTeX Font Info:    Checking defaults for TS1/cmr/m/n on input line 53.
LaTeX Font Info:    ... okay on input line 53.
LaTeX Font Info:    Checking defaults for OMX/cmex/m/n on input line 53.
LaTeX Font Info:    ... okay on input line 53.
LaTeX Font Info:    Checking defaults for U/cmr/m/n on input line 53.
LaTeX Font Info:    ... okay on input line 53.
LaTeX Info: Redefining \. on input line 53.
LaTeX Info: Redefining \% on input line 53.
 (/usr/share/texlive/texmf-dist/tex/context/base/mkii/supp-pdf.mkii
[Loading MPS to PDF converter (version 2006.09.02).]
\scratchcounter=\count287
\scratchdimen=\dimen166
\scratchbox=\box64
\nofMPsegments=\count288
\nofMParguments=\count289
\everyMPshowfont=\toks29
\MPscratchCnt=\count290
\MPscratchDim=\dimen167
\MPnumerator=\count291
\makeMPintoPDFobject=\count292
\everyMPtoPDFconversion=\toks30
) (/usr/share/texlive/texmf-dist/tex/latex/epstopdf-pkg/epstopdf-base.sty
Package: epstopdf-base 2020-01-24 v2.11 Base part for package epstopdf
Package epstopdf-base Info: Redefining graphics rule for `.eps' on input line 4
85.

(/usr/share/texlive/texmf-dist/tex/latex/latexconfig/epstopdf-sys.cfg
File: epstopdf-sys.cfg 2010/07/13 v1.3 Configuration of (r)epstopdf for TeX Liv
e
))
*geometry* driver: auto-detecting
*geometry* detected driver: pdftex
*geometry* verbose mode - [ preamble ] result:
* driver: pdftex
* paper: letterpaper
* layout: <same size as paper>
* layoutoffset:(h,v)=(0.0pt,0.0pt)
* modes: 
* h-part:(L,W,R)=(71.13188pt, 500.484pt, 42.67912pt)
* v-part:(T,H,B)=(42.67912pt, 695.38536pt, 56.9055pt)
* \paperwidth=614.295pt
* \paperheight=794.96999pt
* \textwidth=500.484pt
* \textheight=695.38536pt
* \oddsidemargin=-1.1381pt
* \evensidemargin=-1.1381pt
* \topmargin=-61.46466pt
* \headheight=12.0pt
* \headsep=19.8738pt
* \topskip=12.0pt
* \footskip=30.0pt
* \marginparwidth=47.0pt
* \marginparsep=7.0pt
* \columnsep=10.0pt
* \skip\footins=10.8pt plus 4.0pt minus 2.0pt
* \hoffset=0.0pt
* \voffset=0.0pt
* \mag=1000
* \@twocolumnfalse
* \@twosidefalse
* \@mparswitchfalse
* \@reversemarginfalse
* (1in=72.27pt=25.4mm, 1cm=28.453pt)

<Sem_1/figuras/ulaLogo.png, id=1, 199.74625pt x 216.81pt>
File: Sem_1/figuras/ulaLogo.png Graphic file (type png)
<use Sem_1/figuras/ulaLogo.png>
Package pdftex.def Info: Sem_1/figuras/ulaLogo.png  used on input line 59.
(pdftex.def)             Requested size: 175.17244pt x 190.14496pt.
[1



{/var/lib/texmf/fonts/map/pdftex/updmap/pdftex.map} <./Sem_1/figuras/ulaLogo.pn
g>] (./main.toc
LaTeX Info: Redefining \. on input line 1.
LaTeX Info: Redefining \% on input line 1.
LaTeX Font Info:    Trying to load font information for U+msa on input line 3.
 (/usr/share/texlive/texmf-dist/tex/latex/amsfonts/umsa.fd
File: umsa.fd 2013/01/14 v3.01 AMS symbols A
)
LaTeX Font Info:    Trying to load font information for U+msb on input line 3.

(/usr/share/texlive/texmf-dist/tex/latex/amsfonts/umsb.fd
File: umsb.fd 2013/01/14 v3.01 AMS symbols B
) [1

] [2])
\tf@toc=\write3
\openout3 = `main.toc'.

 [3]
[1

]
Cap\'{\i }tulo 1.
[2

] [3]
Cap\'{\i }tulo 2.

Underfull \hbox (badness 10000) in paragraph at lines 133--135

 []

[4

]
Overfull \hbox (19.08714pt too wide) in paragraph at lines 171--171
[]\T1/cmr/bx/n/14.4 A Wavelet-Based ECG De-lin-eator: Eval-u-a-tion on Stan-dar
d Databas-
 []

[5] [6] [7] [8] [9]
Underfull \hbox (badness 10000) in paragraph at lines 386--389

 []

[10]
<Sem_1/figuras/1038px-SinusRhythmLabels-es.svg.png, id=65, 1041.8925pt x 1027.8
4pt>
File: Sem_1/figuras/1038px-SinusRhythmLabels-es.svg.png Graphic file (type png)

<use Sem_1/figuras/1038px-SinusRhythmLabels-es.svg.png>
Package pdftex.def Info: Sem_1/figuras/1038px-SinusRhythmLabels-es.svg.png  use
d on input line 406.
(pdftex.def)             Requested size: 250.24199pt x 246.85916pt.

Underfull \hbox (badness 10000) in paragraph at lines 391--411

 []


Underfull \hbox (badness 10000) in paragraph at lines 391--411

 []


Underfull \hbox (badness 10000) in paragraph at lines 391--411

 []


Underfull \hbox (badness 10000) in paragraph at lines 391--411

 []


Underfull \hbox (badness 10000) in paragraph at lines 391--411

 []


Underfull \hbox (badness 10000) in paragraph at lines 391--411

 []


Underfull \hbox (badness 10000) in paragraph at lines 391--411

 []

[11] [12 <./Sem_1/figuras/1038px-SinusRhythmLabels-es.svg.png>]
Underfull \hbox (badness 10000) in paragraph at lines 412--414

 []


Underfull \hbox (badness 10000) in paragraph at lines 419--422

 []

[13]
<Sem_1/figuras/Sistema_de_conduccion_corazon.jpeg, id=76, 1281.78876pt x 749.80
125pt>
File: Sem_1/figuras/Sistema_de_conduccion_corazon.jpeg Graphic file (type jpg)
<use Sem_1/figuras/Sistema_de_conduccion_corazon.jpeg>
Package pdftex.def Info: Sem_1/figuras/Sistema_de_conduccion_corazon.jpeg  used
 on input line 440.
(pdftex.def)             Requested size: 475.45825pt x 278.12003pt.


LaTeX Warning: `h' float specifier changed to `ht'.

<Sem_1/figuras/fonocardiograma.jpeg, id=77, 834.11626pt x 752.8125pt>
File: Sem_1/figuras/fonocardiograma.jpeg Graphic file (type jpg)
<use Sem_1/figuras/fonocardiograma.jpeg>
Package pdftex.def Info: Sem_1/figuras/fonocardiograma.jpeg  used on input line
 448.
(pdftex.def)             Requested size: 400.38872pt x 361.36887pt.

LaTeX Warning: `h' float specifier changed to `ht'.

[14] [15 <./Sem_1/figuras/Sistema_de_conduccion_corazon.jpeg>] [16 <./Sem_1/fig
uras/fonocardiograma.jpeg>] [17] [18] [19]
Underfull \hbox (badness 10000) in paragraph at lines 514--516

 []

[20] [21] [22]
Underfull \hbox (badness 10000) in paragraph at lines 609--610

 []

[23]
<Sem_1/figuras/neurona.png, id=119, 927.465pt x 499.8675pt>
File: Sem_1/figuras/neurona.png Graphic file (type png)
<use Sem_1/figuras/neurona.png>
Package pdftex.def Info: Sem_1/figuras/neurona.png  used on input line 649.
(pdftex.def)             Requested size: 300.29344pt x 161.84482pt.
 [24 <./Sem_1/figuras/neurona.png>]
<Sem_1/figuras/Perceptron.png, id=124, 2569.6pt x 1682.285pt>
File: Sem_1/figuras/Perceptron.png Graphic file (type png)
<use Sem_1/figuras/Perceptron.png>
Package pdftex.def Info: Sem_1/figuras/Perceptron.png  used on input line 683.
(pdftex.def)             Requested size: 400.38872pt x 262.11197pt.
 [25 <./Sem_1/figuras/Perceptron.png>]
Underfull \hbox (badness 10000) in paragraph at lines 698--700

 []

<Sem_1/figuras/funciones_de_activacion.png, id=129, 939.51pt x 216.81pt>
File: Sem_1/figuras/funciones_de_activacion.png Graphic file (type png)
<use Sem_1/figuras/funciones_de_activacion.png>
Package pdftex.def Info: Sem_1/figuras/funciones_de_activacion.png  used on inp
ut line 720.
(pdftex.def)             Requested size: 450.43253pt x 103.9452pt.

LaTeX Warning: `h' float specifier changed to `ht'.

[26] [27 <./Sem_1/figuras/funciones_de_activacion.png>]
<Sem_1/figuras/RedNeuronalArtificial.png, id=138, 178.86826pt x 99.7326pt>
File: Sem_1/figuras/RedNeuronalArtificial.png Graphic file (type png)
<use Sem_1/figuras/RedNeuronalArtificial.png>
Package pdftex.def Info: Sem_1/figuras/RedNeuronalArtificial.png  used on input
 line 748.
(pdftex.def)             Requested size: 350.33727pt x 195.36497pt.
 [28 <./Sem_1/figuras/RedNeuronalArtificial.png>] [29] [30]
Underfull \hbox (badness 10000) in paragraph at lines 859--864

 []


Underfull \hbox (badness 10000) in paragraph at lines 859--864

 []

[31]
Cap\'{\i }tulo 3.
[32

]
<Sem_1/figuras/Diagrama_de_flujo_metodologico.jpg, id=156, 672.8337pt x 812.555
7pt>
File: Sem_1/figuras/Diagrama_de_flujo_metodologico.jpg Graphic file (type jpg)
<use Sem_1/figuras/Diagrama_de_flujo_metodologico.jpg>
Package pdftex.def Info: Sem_1/figuras/Diagrama_de_flujo_metodologico.jpg  used
 on input line 891.
(pdftex.def)             Requested size: 500.484pt x 604.43105pt.
 [33] [34 <./Sem_1/figuras/Diagrama_de_flujo_metodologico.jpg>] [35]
[36]
Underfull \hbox (badness 10000) in paragraph at lines 942--942
[]\T1/cmr/m/n/12 Adultos
 []


Underfull \hbox (badness 10000) in paragraph at lines 942--942
\T1/cmr/m/n/12 Me-di-ana
 []


Underfull \hbox (badness 10000) in paragraph at lines 942--942
[]\T1/cmr/m/n/12 Adultos
 []


Underfull \hbox (badness 10000) in paragraph at lines 944--944
[]\T1/cmr/m/n/12 Cantidad
 []


Overfull \hbox (9.64528pt too wide) in paragraph at lines 940--947
 [] 
 []

[37] [38]
<Sem_1/figuras/Baseline Wander Sharma.png, id=176, 1256.695pt x 871.255pt>
File: Sem_1/figuras/Baseline Wander Sharma.png Graphic file (type png)
<use Sem_1/figuras/Baseline Wander Sharma.png>
Package pdftex.def Info: Sem_1/figuras/Baseline Wander Sharma.png  used on inpu
t line 1008.
(pdftex.def)             Requested size: 425.41444pt x 294.93324pt.


LaTeX Warning: `h' float specifier changed to `ht'.

[39] [40 <./Sem_1/figuras/Baseline Wander Sharma.png>] [41] [42] [43]
Cap\'{\i }tulo 4.
[44

]
Cap\'{\i }tulo 5.
(./main.bbl [45

] [46

] [47]) [48] (./main.aux
LaTeX Info: Redefining \. on input line 9.
LaTeX Info: Redefining \% on input line 9.
) ) 
Here is how much of TeX's memory you used:
 6940 strings out of 480247
 110027 string characters out of 5896106
 435799 words of memory out of 5000000
 24765 multiletter control sequences out of 15000+600000
 491953 words of font info for 83 fonts, out of 8000000 for 9000
 14 hyphenation exceptions out of 8191
 55i,12n,62p,2574b,630s stack positions out of 5000i,500n,10000p,200000b,80000s
{/usr/share/texmf/fonts/enc/dvips/cm-super/cm-super-t1.enc}</usr/share/texli
ve/texmf-dist/fonts/type1/public/amsfonts/cm/cmbx12.pfb></usr/share/texlive/tex
mf-dist/fonts/type1/public/amsfonts/cm/cmbx8.pfb></usr/share/texlive/texmf-dist
/fonts/type1/public/amsfonts/cm/cmex10.pfb></usr/share/texlive/texmf-dist/fonts
/type1/public/amsfonts/cm/cmmi12.pfb></usr/share/texlive/texmf-dist/fonts/type1
/public/amsfonts/cm/cmmi6.pfb></usr/share/texlive/texmf-dist/fonts/type1/public
/amsfonts/cm/cmmi8.pfb></usr/share/texlive/texmf-dist/fonts/type1/public/amsfon
ts/cm/cmmib10.pfb></usr/share/texlive/texmf-dist/fonts/type1/public/amsfonts/cm
/cmr12.pfb></usr/share/texlive/texmf-dist/fonts/type1/public/amsfonts/cm/cmr8.p
fb></usr/share/texlive/texmf-dist/fonts/type1/public/amsfonts/cm/cmsy10.pfb></u
sr/share/texlive/texmf-dist/fonts/type1/public/amsfonts/cm/cmsy6.pfb></usr/shar
e/texlive/texmf-dist/fonts/type1/public/amsfonts/cm/cmsy8.pfb></usr/share/texmf
/fonts/type1/public/cm-super/sfbx1200.pfb></usr/share/texmf/fonts/type1/public/
cm-super/sfbx1440.pfb></usr/share/texmf/fonts/type1/public/cm-super/sfbx1728.pf
b></usr/share/texmf/fonts/type1/public/cm-super/sfbx2488.pfb></usr/share/texmf/
fonts/type1/public/cm-super/sfcc1200.pfb></usr/share/texmf/fonts/type1/public/c
m-super/sfrm0700.pfb></usr/share/texmf/fonts/type1/public/cm-super/sfrm0800.pfb
></usr/share/texmf/fonts/type1/public/cm-super/sfrm1000.pfb></usr/share/texmf/f
onts/type1/public/cm-super/sfrm1200.pfb></usr/share/texmf/fonts/type1/public/cm
-super/sfrm1440.pfb></usr/share/texmf/fonts/type1/public/cm-super/sfrm1728.pfb>
</usr/share/texmf/fonts/type1/public/cm-super/sfti1200.pfb></usr/share/texmf/fo
nts/type1/public/cm-super/sfti1440.pfb>
Output written on main.pdf (52 pages, 3200003 bytes).
PDF statistics:
 317 PDF objects out of 1000 (max. 8388607)
 194 compressed objects within 2 object streams
 0 named destinations out of 1000 (max. 500000)
 51 words of extra memory for PDF output out of 10000 (max. 10000000)

