\BOOKMARK [0][-]{chapter.1}{\376\377\000P\000l\000a\000n\000t\000e\000a\000m\000i\000e\000n\000t\000o\000\040\000d\000e\000l\000\040\000p\000r\000o\000b\000l\000e\000m\000a}{}% 1
\BOOKMARK [1][-]{section.1.1}{\376\377\000J\000u\000s\000t\000i\000f\000i\000c\000a\000c\000i\000\363\000n}{chapter.1}% 2
\BOOKMARK [1][-]{section.1.2}{\376\377\000O\000b\000j\000e\000t\000i\000v\000o\000s}{chapter.1}% 3
\BOOKMARK [2][-]{subsection.1.2.1}{\376\377\000O\000b\000j\000e\000t\000i\000v\000o\000\040\000G\000e\000n\000e\000r\000a\000l}{section.1.2}% 4
\BOOKMARK [2][-]{subsection.1.2.2}{\376\377\000O\000b\000j\000e\000t\000i\000v\000o\000s\000\040\000e\000s\000p\000e\000c\000\355\000f\000i\000c\000o\000s}{section.1.2}% 5
\BOOKMARK [0][-]{chapter.2}{\376\377\000M\000a\000r\000c\000o\000\040\000T\000e\000\363\000r\000i\000c\000o}{}% 6
\BOOKMARK [1][-]{section.2.1}{\376\377\000A\000n\000t\000e\000c\000e\000d\000e\000n\000t\000e\000s}{chapter.2}% 7
\BOOKMARK [2][-]{subsection.2.1.1}{\376\377\000A\000\040\000R\000e\000a\000l\000-\000T\000i\000m\000e\000\040\000Q\000R\000S\000\040\000D\000e\000t\000e\000c\000t\000i\000o\000n\000\040\000A\000l\000g\000o\000r\000i\000t\000h\000m\000\040\000P\000a\000n\000T\000o\000m\000p\000k\000i\000n\000s\0008\0005}{section.2.1}% 8
\BOOKMARK [2][-]{subsection.2.1.2}{\376\377\000A\000\040\000W\000a\000v\000e\000l\000e\000t\000-\000B\000a\000s\000e\000d\000\040\000E\000C\000G\000\040\000D\000e\000l\000i\000n\000e\000a\000t\000o\000r\000:\000\040\000E\000v\000a\000l\000u\000a\000t\000i\000o\000n\000\040\000o\000n\000\040\000S\000t\000a\000n\000d\000a\000r\000d\000\040\000D\000a\000t\000a\000b\000a\000s\000e\000s\000\040\000M\000a\000r\000t\000i\000n\000e\000z\0000\0004}{section.2.1}% 9
\BOOKMARK [2][-]{subsection.2.1.3}{\376\377\000F\000e\000a\000t\000u\000r\000e\000\040\000e\000x\000t\000r\000a\000c\000t\000i\000o\000n\000\040\000f\000o\000r\000\040\000h\000e\000a\000r\000t\000b\000e\000a\000t\000\040\000c\000l\000a\000s\000s\000i\000f\000i\000c\000a\000t\000i\000o\000n\000\040\000u\000s\000i\000n\000g\000\040\000i\000n\000d\000e\000p\000e\000n\000d\000e\000n\000t\000\040\000c\000o\000m\000p\000o\000n\000e\000n\000t\000\040\000a\000n\000a\000l\000y\000s\000i\000s\000\040\000a\000n\000d\000\040\000m\000a\000t\000c\000h\000i\000n\000g\000\040\000p\000u\000r\000s\000u\000i\000t\000s\000\040\000H\000e\000r\000r\000e\000r\000o\0000\0005}{section.2.1}% 10
\BOOKMARK [2][-]{subsection.2.1.4}{\376\377\000S\000i\000s\000t\000e\000m\000a\000\040\000d\000e\000\040\000a\000d\000q\000u\000i\000s\000i\000c\000i\000\363\000n\000\040\000m\000u\000l\000t\000i\000c\000a\000n\000a\000l\000\040\000y\000\040\000a\000n\000\341\000l\000i\000s\000i\000s\000\040\000d\000e\000\040\000l\000a\000\040\000s\000e\000\361\000a\000l\000\040\000e\000l\000e\000c\000t\000r\000o\000c\000a\000r\000d\000i\000o\000g\000r\000\341\000f\000i\000c\000a\000\040\000d\000e\000\040\000a\000l\000t\000a\000\040\000r\000e\000s\000o\000l\000u\000c\000i\000\363\000n\000\040\000a\000p\000l\000i\000c\000a\000d\000o\000\040\000a\000\040\000p\000a\000c\000i\000e\000n\000t\000e\000s\000\040\000c\000h\000a\000g\000\341\000s\000i\000c\000o\000s\000\040\000D\000u\000g\000a\000r\000t\000e\0001\0001}{section.2.1}% 11
\BOOKMARK [2][-]{subsection.2.1.5}{\376\377\000A\000\040\000c\000o\000m\000p\000a\000r\000a\000t\000i\000v\000e\000\040\000s\000t\000u\000d\000y\000\040\000o\000f\000\040\000D\000W\000T\000,\000\040\000C\000W\000T\000\040\000a\000n\000d\000\040\000D\000C\000T\000\040\000t\000r\000a\000n\000s\000f\000o\000r\000m\000a\000t\000i\000o\000n\000s\000\040\000i\000n\000\040\000E\000C\000G\000\040\000a\000r\000r\000h\000y\000t\000h\000m\000i\000a\000s\000\040\000c\000l\000a\000s\000s\000i\000f\000i\000c\000a\000t\000i\000o\000n\000\040\000K\000h\000o\000r\000r\000a\000m\000i\0001\0000\000.}{section.2.1}% 12
\BOOKMARK [2][-]{subsection.2.1.6}{\376\377\000C\000o\000m\000p\000a\000r\000i\000s\000o\000n\000\040\000o\000f\000\040\000F\000C\000M\000,\000\040\000P\000C\000A\000\040\000a\000n\000d\000\040\000W\000T\000\040\000t\000e\000c\000h\000n\000i\000q\000u\000e\000s\000\040\000f\000o\000r\000\040\000c\000l\000a\000s\000s\000i\000f\000i\000c\000a\000t\000i\000o\000n\000\040\000E\000C\000G\000\040\000a\000r\000r\000h\000y\000t\000h\000m\000i\000a\000s\000\040\000u\000s\000i\000n\000g\000\040\000a\000r\000t\000i\000f\000i\000c\000i\000a\000l\000\040\000n\000e\000u\000r\000a\000l\000\040\000n\000e\000t\000w\000o\000r\000k\000\040\000C\000e\000y\000l\000a\000n\0000\0007\000.}{section.2.1}% 13
\BOOKMARK [2][-]{subsection.2.1.7}{\376\377\000B\000a\000s\000e\000l\000i\000n\000e\000\040\000w\000a\000n\000d\000e\000r\000\040\000r\000e\000m\000o\000v\000a\000l\000\040\000o\000f\000\040\000E\000C\000G\000\040\000s\000i\000g\000n\000a\000l\000s\000\040\000u\000s\000i\000n\000g\000\040\000H\000i\000l\000b\000e\000r\000t\000\040\000v\000i\000b\000r\000a\000t\000i\000o\000n\000\040\000d\000e\000c\000o\000m\000p\000o\000s\000i\000t\000i\000o\000n\000\040\000S\000h\000a\000r\000m\000a\0001\0005\000.}{section.2.1}% 14
\BOOKMARK [2][-]{subsection.2.1.8}{\376\377\000H\000e\000a\000r\000t\000\040\000f\000a\000i\000l\000u\000r\000e\000\040\000c\000l\000a\000s\000s\000i\000f\000i\000c\000a\000t\000i\000o\000n\000\040\000u\000s\000i\000n\000g\000\040\000d\000e\000e\000p\000\040\000l\000e\000a\000r\000n\000i\000n\000g\000\040\000t\000o\000\040\000e\000x\000t\000r\000a\000c\000t\000\040\000s\000p\000a\000t\000i\000o\000t\000e\000m\000p\000o\000r\000a\000l\000\040\000f\000e\000a\000t\000u\000r\000e\000s\000\040\000f\000r\000o\000m\000\040\000E\000C\000G\000\040\000Z\000h\000a\000n\000g\0002\0004}{section.2.1}% 15
\BOOKMARK [2][-]{subsection.2.1.9}{\376\377\000C\000l\000a\000s\000i\000f\000i\000c\000a\000c\000i\000\363\000n\000\040\000d\000e\000\040\000a\000r\000r\000i\000t\000m\000i\000a\000s\000\040\000c\000a\000r\000d\000\355\000a\000c\000a\000s\000\040\000u\000s\000a\000n\000d\000o\000\040\000r\000e\000d\000e\000s\000\040\000n\000e\000u\000r\000o\000n\000a\000l\000e\000s\000\040\000c\000o\000n\000v\000o\000l\000u\000c\000i\000o\000n\000a\000l\000e\000s\000\040\000e\000n\000\040\000m\000u\000e\000s\000t\000r\000a\000s\000\040\000d\000e\000\040\000E\000C\000G\000\040\000A\000s\000t\000u\000d\000i\000l\000l\000o\0002\0004}{section.2.1}% 16
\BOOKMARK [1][-]{section.2.2}{\376\377\000C\000o\000n\000c\000e\000p\000t\000o\000s\000\040\000b\000\341\000s\000i\000c\000o\000s}{chapter.2}% 17
\BOOKMARK [2][-]{subsection.2.2.1}{\376\377\000E\000l\000\040\000c\000o\000r\000a\000z\000\363\000n}{section.2.2}% 18
\BOOKMARK [2][-]{subsection.2.2.2}{\376\377\000I\000n\000t\000r\000o\000d\000u\000c\000c\000i\000\363\000n\000\040\000a\000l\000\040\000E\000l\000e\000c\000t\000r\000o\000c\000a\000r\000d\000i\000o\000g\000r\000a\000m\000a\000\040\000\050\000E\000C\000G\000\051}{section.2.2}% 19
\BOOKMARK [2][-]{subsection.2.2.3}{\376\377\000E\000l\000\040\000s\000i\000s\000t\000e\000m\000a\000\040\000d\000e\000\040\000c\000o\000n\000d\000u\000c\000c\000i\000\363\000n}{section.2.2}% 20
\BOOKMARK [2][-]{subsection.2.2.4}{\376\377\000I\000n\000t\000e\000r\000p\000r\000e\000t\000a\000c\000i\000\363\000n\000\040\000d\000e\000\040\000u\000n\000\040\000e\000l\000e\000c\000t\000r\000o\000c\000a\000r\000d\000i\000o\000g\000r\000a\000m\000a}{section.2.2}% 21
\BOOKMARK [2][-]{subsection.2.2.5}{\376\377\000R\000e\000a\000l\000i\000z\000a\000c\000i\000\363\000n\000\040\000d\000e\000\040\000u\000n\000\040\000e\000l\000e\000c\000t\000r\000o\000c\000a\000r\000d\000i\000o\000g\000r\000a\000m\000a}{section.2.2}% 22
\BOOKMARK [1][-]{section.2.3}{\376\377\000C\000o\000n\000c\000e\000p\000t\000o\000s\000\040\000e\000s\000p\000e\000c\000\355\000f\000i\000c\000o\000s}{chapter.2}% 23
\BOOKMARK [2][-]{subsection.2.3.1}{\376\377\000A\000p\000r\000e\000n\000d\000i\000z\000a\000j\000e\000\040\000A\000u\000t\000o\000m\000\341\000t\000i\000c\000o\000.}{section.2.3}% 24
\BOOKMARK [2][-]{subsection.2.3.2}{\376\377\000A\000n\000\341\000l\000i\000s\000i\000s\000\040\000d\000e\000\040\000C\000o\000m\000p\000o\000n\000e\000n\000t\000e\000s\000\040\000P\000r\000i\000n\000c\000i\000p\000a\000l\000e\000s\000\040\000\050\000P\000C\000A\000\051\000.}{section.2.3}% 25
\BOOKMARK [2][-]{subsection.2.3.3}{\376\377\000I\000n\000c\000r\000u\000s\000t\000a\000c\000i\000\363\000n\000\040\000d\000e\000\040\000v\000e\000c\000i\000n\000o\000s\000\040\000e\000s\000t\000o\000c\000\341\000s\000t\000i\000c\000o\000s\000\040\000d\000i\000s\000t\000r\000i\000b\000u\000i\000d\000o\000s\000\040\000e\000n\000\040\000t\000\040\000\050\000t\000-\000S\000N\000E\000\051\000.}{section.2.3}% 26
\BOOKMARK [2][-]{subsection.2.3.4}{\376\377\000R\000e\000d\000e\000s\000\040\000N\000e\000u\000r\000o\000n\000a\000l\000e\000s\000.}{section.2.3}% 27
\BOOKMARK [2][-]{subsection.2.3.5}{\376\377\000R\000e\000d\000e\000s\000\040\000n\000e\000u\000r\000o\000n\000a\000l\000e\000s\000\040\000b\000i\000o\000l\000\363\000g\000i\000c\000a\000s\000.}{section.2.3}% 28
\BOOKMARK [2][-]{subsection.2.3.6}{\376\377\000E\000l\000\040\000p\000e\000r\000c\000e\000p\000t\000r\000\363\000n\000.}{section.2.3}% 29
\BOOKMARK [2][-]{subsection.2.3.7}{\376\377\000F\000u\000n\000c\000i\000\363\000n\000\040\000d\000e\000\040\000a\000c\000t\000i\000v\000a\000c\000i\000\363\000n\000\040\000d\000e\000\040\000l\000a\000s\000\040\000n\000e\000u\000r\000o\000n\000a\000s\000.}{section.2.3}% 30
\BOOKMARK [2][-]{subsection.2.3.8}{\376\377\000E\000l\000\040\000p\000e\000r\000c\000e\000p\000t\000r\000\363\000n\000\040\000m\000u\000l\000t\000i\000c\000a\000p\000a\000.}{section.2.3}% 31
\BOOKMARK [2][-]{subsection.2.3.9}{\376\377\000A\000r\000q\000u\000i\000t\000e\000c\000t\000u\000r\000a\000.}{section.2.3}% 32
\BOOKMARK [2][-]{subsection.2.3.10}{\376\377\000A\000l\000g\000o\000r\000i\000t\000m\000o\000\040\000d\000e\000\040\000r\000e\000t\000r\000o\000p\000r\000o\000p\000a\000g\000a\000c\000i\000\363\000n\000.}{section.2.3}% 33
\BOOKMARK [2][-]{subsection.2.3.11}{\376\377\000D\000i\000m\000e\000n\000s\000i\000o\000n\000e\000s\000\040\000d\000e\000\040\000l\000a\000\040\000r\000e\000d\000.}{section.2.3}% 34
\BOOKMARK [0][-]{chapter.3}{\376\377\000M\000a\000r\000c\000o\000\040\000M\000e\000t\000o\000d\000o\000l\000\363\000g\000i\000c\000o\000.}{}% 35
\BOOKMARK [1][-]{section.3.1}{\376\377\000E\000n\000f\000o\000q\000u\000e\000\040\000g\000e\000n\000e\000r\000a\000l}{chapter.3}% 36
\BOOKMARK [2][-]{subsection.3.1.1}{\376\377\000T\000i\000p\000o\000\040\000d\000e\000\040\000i\000n\000v\000e\000s\000t\000i\000g\000a\000c\000i\000\363\000n\000.}{section.3.1}% 37
\BOOKMARK [2][-]{subsection.3.1.2}{\376\377\000D\000i\000s\000e\000\361\000o\000\040\000d\000e\000\040\000l\000a\000\040\000i\000n\000v\000e\000s\000t\000i\000g\000a\000c\000i\000\363\000n\000.}{section.3.1}% 38
\BOOKMARK [1][-]{section.3.2}{\376\377\000D\000i\000s\000e\000\361\000o\000\040\000e\000s\000p\000e\000c\000i\000f\000i\000c\000o}{chapter.3}% 39
\BOOKMARK [2][-]{subsection.3.2.1}{\376\377\000F\000l\000u\000j\000o\000\040\000d\000e\000\040\000p\000r\000o\000c\000e\000s\000a\000m\000i\000e\000n\000t\000o}{section.3.2}% 40
\BOOKMARK [1][-]{section.3.3}{\376\377\000P\000o\000b\000l\000a\000c\000i\000\363\000n\000\040\000y\000\040\000m\000u\000e\000s\000t\000r\000a}{chapter.3}% 41
\BOOKMARK [2][-]{subsection.3.3.1}{\376\377\000F\000u\000e\000n\000t\000e\000\040\000d\000e\000\040\000d\000a\000t\000o\000s\000.}{section.3.3}% 42
\BOOKMARK [2][-]{subsection.3.3.2}{\376\377\000C\000r\000i\000t\000e\000r\000i\000o\000s\000\040\000d\000e\000\040\000s\000e\000l\000e\000c\000c\000i\000\363\000n\000.}{section.3.3}% 43
\BOOKMARK [2][-]{subsection.3.3.3}{\376\377\000M\000u\000e\000s\000t\000r\000a}{section.3.3}% 44
\BOOKMARK [1][-]{section.3.4}{\376\377\000P\000r\000e\000p\000r\000o\000c\000e\000s\000a\000m\000i\000e\000n\000t\000o\000\040\000d\000e\000\040\000l\000a\000\040\000s\000e\000\361\000a\000l}{chapter.3}% 45
\BOOKMARK [2][-]{subsection.3.4.1}{\376\377\000E\000s\000t\000a\000n\000d\000a\000r\000i\000z\000a\000c\000i\000\363\000n}{section.3.4}% 46
\BOOKMARK [2][-]{subsection.3.4.2}{\376\377\000F\000i\000l\000t\000r\000a\000d\000o\000\040\000d\000e\000\040\000r\000u\000i\000d\000o}{section.3.4}% 47
\BOOKMARK [2][-]{subsection.3.4.3}{\376\377\000R\000e\000m\000o\000c\000i\000\363\000n\000\040\000d\000e\000l\000\040\000d\000e\000s\000p\000l\000a\000z\000a\000m\000i\000e\000n\000t\000o\000\040\000d\000e\000\040\000l\000a\000\040\000l\000\355\000n\000e\000a\000\040\000b\000a\000s\000e}{section.3.4}% 48
\BOOKMARK [2][-]{subsection.3.4.4}{\376\377\000E\000x\000t\000r\000a\000c\000c\000i\000\363\000n\000\040\000d\000e\000\040\000s\000e\000g\000m\000e\000n\000t\000o\000s}{section.3.4}% 49
\BOOKMARK [2][-]{subsection.3.4.5}{\376\377\000D\000e\000t\000e\000c\000c\000i\000\363\000n\000\040\000d\000e\000\040\000e\000v\000e\000n\000t\000o\000s\000\040\000c\000a\000r\000d\000\355\000a\000c\000o\000s}{section.3.4}% 50
\BOOKMARK [1][-]{section.3.5}{\376\377\000E\000x\000t\000r\000a\000c\000c\000i\000\363\000n\000\040\000d\000e\000\040\000c\000a\000r\000a\000c\000t\000e\000r\000\355\000s\000t\000i\000c\000a\000s}{chapter.3}% 51
\BOOKMARK [2][-]{subsection.3.5.1}{\376\377\000A\000l\000i\000n\000e\000a\000m\000i\000e\000n\000t\000o}{section.3.5}% 52
\BOOKMARK [2][-]{subsection.3.5.2}{\376\377\000V\000e\000c\000t\000o\000r\000\040\000d\000e\000\040\000c\000a\000r\000a\000c\000t\000e\000r\000\355\000s\000t\000i\000c\000a\000s}{section.3.5}% 53
\BOOKMARK [1][-]{section.3.6}{\376\377\000R\000e\000d\000u\000c\000c\000i\000\363\000n\000\040\000d\000e\000\040\000d\000i\000m\000e\000n\000s\000i\000o\000n\000a\000l\000i\000d\000a\000d}{chapter.3}% 54
\BOOKMARK [2][-]{subsection.3.6.1}{\376\377\000P\000r\000o\000y\000e\000c\000c\000i\000\363\000n\000\040\000d\000e\000\040\000l\000o\000s\000\040\000v\000e\000c\000t\000o\000r\000e\000s\000\040\000d\000e\000\040\000c\000a\000r\000a\000c\000t\000e\000r\000\355\000s\000t\000i\000c\000a\000s\000\040\000a\000l\000\040\000n\000u\000e\000v\000o\000\040\000e\000s\000p\000a\000c\000i\000o}{section.3.6}% 55
\BOOKMARK [1][-]{section.3.7}{\376\377\000M\000o\000d\000e\000l\000a\000d\000o\000\040\000p\000r\000e\000d\000i\000c\000t\000i\000v\000o}{chapter.3}% 56
\BOOKMARK [2][-]{subsection.3.7.1}{\376\377\000A\000l\000g\000o\000r\000i\000t\000m\000o}{section.3.7}% 57
\BOOKMARK [2][-]{subsection.3.7.2}{\376\377\000T\000a\000r\000e\000a\000s\000\040\000d\000e\000\040\000m\000o\000d\000e\000l\000a\000d\000o\000\040\000p\000r\000o\000p\000u\000e\000s\000t\000a\000s}{section.3.7}% 58
\BOOKMARK [2][-]{subsection.3.7.3}{\376\377\000P\000r\000e\000p\000a\000r\000a\000c\000i\000\363\000n\000\040\000d\000e\000\040\000d\000a\000t\000o\000s}{section.3.7}% 59
\BOOKMARK [2][-]{subsection.3.7.4}{\376\377\000A\000r\000q\000u\000i\000t\000e\000c\000t\000u\000r\000a\000s\000\040\000e\000m\000p\000l\000e\000a\000d\000a\000s\000\040\000\050\000c\000a\000s\000o\000s\000\040\000c\000o\000n\000\040\000P\000C\000A\000\051}{section.3.7}% 60
\BOOKMARK [2][-]{subsection.3.7.5}{\376\377\000E\000n\000t\000r\000e\000n\000a\000m\000i\000e\000n\000t\000o}{section.3.7}% 61
\BOOKMARK [2][-]{subsection.3.7.6}{\376\377\000T\000e\000s\000t}{section.3.7}% 62
\BOOKMARK [1][-]{section.3.8}{\376\377\000R\000e\000d\000u\000c\000c\000i\000\363\000n\000\040\000n\000o\000\040\000l\000i\000n\000e\000a\000l\000\040\000d\000e\000\040\000d\000i\000m\000e\000n\000s\000i\000o\000n\000a\000l\000i\000d\000a\000d\000\040\000\050\000t\000-\000S\000N\000E\000\051}{chapter.3}% 63
\BOOKMARK [2][-]{subsection.3.8.1}{\376\377\000A\000r\000q\000u\000i\000t\000e\000c\000t\000u\000r\000a\000s\000\040\000d\000e\000\040\000r\000e\000d\000e\000s\000\040\000n\000e\000u\000r\000o\000n\000a\000l\000e\000s\000\040\000p\000a\000r\000a\000\040\000i\000n\000t\000e\000r\000p\000r\000e\000t\000a\000c\000i\000\363\000n\000\040\000d\000e\000\040\000t\000-\000S\000N\000E}{section.3.8}% 64
\BOOKMARK [1][-]{section.3.9}{\376\377\000V\000a\000l\000i\000d\000e\000z\000\040\000y\000\040\000c\000o\000n\000f\000i\000a\000b\000i\000l\000i\000d\000a\000d}{chapter.3}% 65
\BOOKMARK [2][-]{subsection.3.9.1}{\376\377\000V\000a\000l\000i\000d\000a\000c\000i\000\363\000n\000\040\000d\000e\000\040\000m\000o\000d\000e\000l\000o\000s}{section.3.9}% 66
\BOOKMARK [2][-]{subsection.3.9.2}{\376\377\000C\000l\000a\000s\000i\000f\000i\000c\000a\000c\000i\000\363\000n}{section.3.9}% 67
\BOOKMARK [2][-]{subsection.3.9.3}{\376\377\000D\000e\000n\000d\000r\000o\000g\000r\000a\000m\000a}{section.3.9}% 68
\BOOKMARK [2][-]{subsection.3.9.4}{\376\377\000R\000e\000p\000e\000t\000i\000b\000i\000l\000i\000d\000a\000d}{section.3.9}% 69
\BOOKMARK [0][-]{chapter.4}{\376\377\000R\000e\000s\000u\000l\000t\000a\000d\000o\000s}{}% 70
\BOOKMARK [1][-]{section.4.1}{\376\377\000D\000e\000s\000c\000r\000i\000p\000c\000i\000\363\000n\000\040\000g\000e\000n\000e\000r\000a\000l\000\040\000d\000e\000\040\000l\000o\000s\000\040\000d\000a\000t\000o\000s}{chapter.4}% 71
\BOOKMARK [2][-]{subsection.4.1.1}{\376\377\000D\000i\000s\000t\000r\000i\000b\000u\000c\000i\000o\000n\000e\000s\000\040\000d\000e\000\040\000l\000o\000s\000\040\000s\000u\000j\000e\000t\000o\000s\000\040\000s\000a\000n\000o\000s\000\040\000p\000o\000r\000\040\000s\000e\000x\000o\000\040\000y\000\040\000g\000r\000u\000p\000o\000s\000\040\000e\000t\000a\000r\000i\000o\000s}{section.4.1}% 72
\BOOKMARK [2][-]{subsection.4.1.2}{\376\377\000D\000i\000s\000t\000r\000i\000b\000u\000c\000i\000o\000n\000e\000s\000\040\000d\000e\000\040\000l\000o\000s\000\040\000s\000u\000j\000e\000t\000o\000s\000\040\000p\000a\000t\000o\000l\000\363\000g\000i\000c\000o\000s\000\040\000p\000o\000r\000\040\000s\000e\000x\000o\000\040\000y\000\040\000g\000r\000u\000p\000o\000s\000\040\000e\000t\000a\000r\000i\000o\000s}{section.4.1}% 73
\BOOKMARK [2][-]{subsection.4.1.3}{\376\377\000D\000i\000s\000t\000r\000i\000b\000u\000c\000i\000o\000n\000e\000s\000\040\000d\000e\000\040\000l\000o\000s\000\040\000s\000u\000j\000e\000t\000o\000s\000\040\000s\000a\000n\000o\000s\000\040\000y\000\040\000p\000a\000t\000o\000l\000\363\000g\000i\000c\000o\000s\000\040\000p\000a\000r\000a\000\040\000l\000o\000s\000\040\000e\000n\000t\000r\000e\000n\000a\000m\000i\000e\000n\000t\000o\000s\000\040\000d\000e\000\040\000l\000a\000s\000\040\000r\000e\000d\000e\000s\000.}{section.4.1}% 74
\BOOKMARK [1][-]{section.4.2}{\376\377\000D\000e\000s\000c\000r\000i\000p\000c\000i\000\363\000n\000\040\000g\000e\000n\000e\000r\000a\000l\000\040\000d\000e\000\040\000P\000C\000A}{chapter.4}% 75
\BOOKMARK [2][-]{subsection.4.2.1}{\376\377\000M\000\351\000t\000o\000d\000o\000\040\000d\000e\000\040\000l\000a\000\040\000v\000a\000r\000i\000a\000n\000z\000a\000\040\000a\000c\000u\000m\000u\000l\000a\000d\000a}{section.4.2}% 76
\BOOKMARK [2][-]{subsection.4.2.2}{\376\377\000G\000r\000\341\000f\000i\000c\000a\000s\000\040\000d\000e\000\040\000d\000i\000s\000p\000e\000r\000s\000i\000\363\000n\000\040\000d\000e\000\040\000l\000o\000s\000\040\000r\000e\000g\000i\000s\000t\000r\000o\000s\000\040\000e\000l\000e\000c\000t\000r\000o\000c\000a\000r\000d\000i\000o\000g\000r\000\341\000f\000i\000c\000o\000s\000\040\000e\000n\000t\000r\000e\000\040\000c\000o\000m\000p\000o\000n\000e\000n\000t\000e\000s\000\040\000p\000r\000i\000n\000c\000i\000p\000a\000l\000e\000s\000.}{section.4.2}% 77
\BOOKMARK [1][-]{section.4.3}{\376\377\000R\000e\000s\000u\000l\000t\000a\000d\000o\000s\000\040\000d\000e\000\040\000c\000l\000a\000s\000i\000f\000i\000c\000a\000c\000i\000\363\000n\000\040\000u\000s\000a\000n\000d\000o\000\040\000l\000o\000s\000\040\000d\000a\000t\000o\000s\000\040\000d\000e\000\040\000P\000C\000A}{chapter.4}% 78
\BOOKMARK [2][-]{subsection.4.3.1}{\376\377\000C\000o\000n\000f\000i\000g\000u\000r\000a\000c\000i\000\363\000n\000\040\000y\000\040\000m\000\351\000t\000r\000i\000c\000a\000s\000\040\000d\000e\000\040\000d\000e\000s\000e\000m\000p\000e\000\361\000o\000\040\000p\000o\000r\000\040\000m\000o\000d\000e\000l\000o}{section.4.3}% 79
\BOOKMARK [2][-]{subsection.4.3.2}{\376\377\000M\000a\000t\000r\000i\000c\000e\000s\000\040\000d\000e\000\040\000c\000o\000n\000f\000u\000s\000i\000\363\000n}{section.4.3}% 80
\BOOKMARK [1][-]{section.4.4}{\376\377\000R\000e\000s\000u\000l\000t\000a\000d\000o\000s\000\040\000d\000e\000\040\000i\000d\000e\000n\000t\000i\000f\000i\000c\000a\000c\000i\000\363\000n\000\040\000d\000e\000\040\000p\000a\000c\000i\000e\000n\000t\000e\000s}{chapter.4}% 81
\BOOKMARK [2][-]{subsection.4.4.1}{\376\377\000M\000\351\000t\000r\000i\000c\000a\000s\000\040\000d\000e\000\040\000d\000e\000s\000e\000m\000p\000e\000\361\000o}{section.4.4}% 82
\BOOKMARK [2][-]{subsection.4.4.2}{\376\377\000H\000i\000s\000t\000o\000g\000r\000a\000m\000a\000\040\000d\000e\000\040\000p\000r\000e\000c\000i\000s\000i\000o\000n\000e\000s\000\040\000p\000o\000r\000\040\000p\000a\000c\000i\000e\000n\000t\000e}{section.4.4}% 83
\BOOKMARK [2][-]{subsection.4.4.3}{\376\377\000V\000i\000a\000b\000i\000l\000i\000d\000a\000d\000\040\000d\000e\000\040\000l\000a\000\040\000h\000u\000e\000l\000l\000a\000\040\000d\000i\000g\000i\000t\000a\000l\000\040\000c\000a\000r\000d\000\355\000a\000c\000a\000\040\000c\000o\000m\000o\000\040\000r\000a\000s\000g\000o\000\040\000b\000i\000o\000m\000\351\000t\000r\000i\000c\000o}{section.4.4}% 84
\BOOKMARK [1][-]{section.4.5}{\376\377\000A\000n\000\341\000l\000i\000s\000i\000s\000\040\000e\000x\000p\000l\000o\000r\000a\000t\000o\000r\000i\000o\000\040\000u\000s\000a\000n\000d\000o\000\040\000t\000-\000S\000N\000E}{chapter.4}% 85
\BOOKMARK [1][-]{section.4.6}{\376\377\000R\000e\000s\000u\000l\000t\000a\000d\000o\000s\000\040\000d\000e\000\040\000c\000l\000a\000s\000i\000f\000i\000c\000a\000c\000i\000\363\000n\000\040\000u\000s\000a\000n\000d\000o\000\040\000l\000o\000s\000\040\000d\000a\000t\000o\000s\000\040\000d\000e\000\040\000t\000s\000n\000e}{chapter.4}% 86
\BOOKMARK [2][-]{subsection.4.6.1}{\376\377\000C\000o\000n\000f\000i\000g\000u\000r\000a\000c\000i\000\363\000n\000\040\000y\000\040\000m\000\351\000t\000r\000i\000c\000a\000s\000\040\000d\000e\000\040\000d\000e\000s\000e\000m\000p\000e\000\361\000o\000\040\000p\000o\000r\000\040\000m\000o\000d\000e\000l\000o}{section.4.6}% 87
\BOOKMARK [2][-]{subsection.4.6.2}{\376\377\000M\000a\000t\000r\000i\000c\000e\000s\000\040\000d\000e\000\040\000c\000o\000n\000f\000u\000s\000i\000\363\000n}{section.4.6}% 88
\BOOKMARK [2][-]{subsection.4.6.3}{\376\377\000D\000e\000n\000d\000r\000o\000g\000r\000a\000m\000a\000s}{section.4.6}% 89
\BOOKMARK [0][-]{chapter.5}{\376\377\000C\000o\000n\000c\000l\000u\000s\000i\000o\000n\000e\000s\000\040\000y\000\040\000r\000e\000c\000o\000m\000e\000n\000d\000a\000c\000i\000o\000n\000e\000s}{}% 90
\BOOKMARK [1][-]{section.5.1}{\376\377\000C\000o\000n\000c\000l\000u\000s\000i\000o\000n\000e\000s}{chapter.5}% 91
\BOOKMARK [1][-]{section.5.2}{\376\377\000R\000e\000c\000o\000m\000e\000n\000d\000a\000c\000i\000o\000n\000e\000s}{chapter.5}% 92
\BOOKMARK [2][-]{subsection.5.2.1}{\376\377\000C\000o\000n\000s\000i\000d\000e\000r\000a\000c\000i\000o\000n\000e\000s\000\040\000\351\000t\000i\000c\000a\000s}{section.5.2}% 93
